2017-03-13 16:18:21 views.py-login:[49] user  INFO username Alex login
2017-03-13 16:27:51 views.py-login:[51] user  INFO username Alex login
2017-03-13 17:06:01 views.py-register:[118] user  INFO create username [Jenny] successful!
2017-03-13 17:06:12 views.py-login:[51] user  INFO username Jenny login
2017-03-14 11:07:50 views.py-login:[70] user  INFO username Jenny login
2017-03-14 11:11:00 views.py-login:[71] user  INFO username Jenny login
2017-03-14 11:13:09 views.py-login:[71] user  INFO username Jenny login
2017-03-14 11:14:30 views.py-login:[71] user  INFO username Jenny login
2017-03-14 11:18:10 views.py-login:[71] user  INFO username Jenny login
2017-03-14 11:22:32 views.py-login:[70] user  INFO username Jenny login
2017-03-14 11:23:28 views.py-login:[71] user  INFO username Jenny login
2017-03-14 11:24:08 views.py-login:[71] user  INFO username Jenny login
2017-03-15 17:07:25 views.py-login:[69] user  INFO username Jenny login
2017-03-28 11:28:53 views.py-login:[69] user  INFO username Jenny login
2017-04-05 09:34:07 views.py-login:[69] user  INFO username Jenny login
2017-04-05 10:08:02 views.py-register:[139] user  INFO create username [range] successful!
2017-04-05 10:08:09 views.py-login:[69] user  INFO username range login
2017-04-05 10:08:48 views.py-login:[69] user  INFO username range login
2017-04-05 10:09:14 views.py-login:[69] user  INFO username Jenny login
2017-04-05 13:45:23 views.py-login:[74] user  INFO username Jenny login
2017-04-05 13:46:14 views.py-login:[75] user  INFO username Jenny login
2017-04-05 13:47:15 views.py-login:[75] user  INFO username Jenny login
2017-04-05 13:48:39 views.py-login:[75] user  INFO username yezl login
2017-04-05 13:53:00 views.py-login:[78] user  INFO username yezl login
2017-04-05 13:54:01 views.py-login:[78] user  INFO username yezl login
2017-04-05 13:56:28 views.py-login:[79] user  INFO username yezl login
2017-04-05 13:59:30 views.py-login:[78] user  INFO username yezl login
2017-04-05 14:00:24 views.py-login:[78] user  INFO username yezl login
2017-04-05 14:02:24 views.py-login:[78] user  INFO username yezl login
2017-04-05 14:03:20 views.py-login:[78] user  INFO username yezl login
2017-04-05 14:07:18 views.py-login:[78] user  INFO username yezl login
2017-04-05 14:07:56 views.py-login:[78] user  INFO username yezl login
2017-04-05 14:08:25 views.py-login:[78] user  INFO username yezl login
2017-04-05 14:13:10 views.py-login:[78] user  INFO username yezl login
2017-04-05 14:19:31 views.py-login:[78] user  INFO username yezl login
2017-04-05 14:21:31 views.py-login:[78] user  INFO username yezl login
2017-04-05 14:21:49 views.py-login:[78] user  INFO username yezl login
2017-04-05 14:22:59 views.py-login:[78] user  INFO username yezl login
2017-04-05 14:28:35 views.py-login:[78] user  INFO username yezl login
2017-04-05 14:29:35 views.py-login:[78] user  INFO username yezl login
2017-04-05 14:31:17 views.py-login:[79] user  INFO username yezl login
2017-04-05 14:31:46 views.py-login:[80] user  INFO username yezl login
2017-04-05 14:32:40 views.py-login:[80] user  INFO username yezl login
2017-04-05 14:33:14 views.py-login:[81] user  INFO username yezl login
2017-04-05 14:34:06 views.py-login:[79] user  INFO username yezl login
2017-04-05 14:35:03 views.py-login:[79] user  INFO username yezl login
2017-04-05 14:36:17 views.py-login:[79] user  INFO username yezl login
2017-04-05 14:39:00 views.py-login:[79] user  INFO username yezl login
2017-04-05 14:55:45 views.py-login:[78] user  INFO username yezl login
2017-04-05 14:58:36 views.py-login:[78] user  INFO username Jenny login
2017-04-05 15:01:20 views.py-login:[78] user  INFO username Jenny login
2017-04-05 15:01:47 views.py-login:[78] user  INFO username Jenny login
2017-04-05 15:03:12 views.py-login:[78] user  INFO username Jenny login
2017-04-05 15:03:55 views.py-login:[78] user  INFO username Jenny login
2017-04-05 15:04:13 views.py-login:[78] user  INFO username Jenny login
2017-04-05 17:18:15 views.py-login:[81] user  INFO username Jenny login
2017-04-05 17:25:14 views.py-login:[81] user  INFO username Jenny login
2017-04-05 17:26:58 views.py-login:[80] user  INFO username Jenny login
2017-04-05 17:31:44 views.py-login:[80] user  INFO username Jenny login
2017-04-05 17:34:04 views.py-login:[80] user  INFO username Jenny login
2017-04-05 17:36:57 views.py-login:[84] user  INFO username Jenny login
2017-04-05 17:45:03 views.py-login:[84] user  INFO username Jenny login
2017-04-05 17:45:40 views.py-login:[84] user  INFO username Jenny login
2017-04-05 17:50:06 views.py-login:[84] user  INFO username Jenny login
2017-04-05 17:51:59 views.py-login:[84] user  INFO username Jenny login
2017-04-05 17:59:18 views.py-login:[84] user  INFO username Jenny login
2017-04-05 18:00:43 views.py-login:[82] user  INFO username Jenny login
2017-04-05 18:02:01 views.py-login:[83] user  INFO username Jenny login
2017-04-05 18:02:55 views.py-login:[83] user  INFO username Jenny login
2017-04-05 18:06:23 views.py-login:[82] user  INFO username Jenny login
2017-04-05 18:08:36 views.py-login:[81] user  INFO username yezl login
2017-04-05 18:09:11 views.py-login:[82] user  INFO username yezl login
2017-04-05 18:10:25 views.py-login:[85] user  INFO username yezl login
2017-04-05 20:01:44 views.py-login:[88] user  INFO username Jenny login
2017-04-10 10:21:03 views.py-login:[88] user  INFO username Jenny login
2017-04-10 20:04:15 views.py-login:[88] user  INFO username Jenny login
